生成启动时间为 2023/1/6 20:43:19。
     1>项目“D:\VS2010\顺序表\顺序表\顺序表.vcxproj”在节点 2 上(build 个目标)。
     1>InitializeBuildStatus:
         正在创建“Debug\顺序表.unsuccessfulbuild”，因为已指定“AlwaysCreate”。
       ClCompile:
         所有输出均为最新。
       Link:
         所有输出均为最新。
         d:\VS2010\VC\bin\link.exe /ERRORREPORT:PROMPT /OUT:"D:\VS2010\顺序表\Debug\顺序表.exe" /NOLOGO kernel32.lib user32.lib gdi32.lib winspool.lib comdlg32.lib advapi32.lib shell32.lib ole32.lib oleaut32.lib uuid.lib odbc32.lib odbccp32.lib /MANIFEST /ManifestFile:"Debug\顺序表.exe.intermediate.manifest" /MANIFESTUAC:"level='asInvoker' uiAccess='false'" /DEBUG /PDB:"D:\VS2010\顺序表\Debug\顺序表.pdb" /SUBSYSTEM:CONSOLE /TLBID:1 /DYNAMICBASE /NXCOMPAT /IMPLIB:"D:\VS2010\顺序表\Debug\顺序表.lib" /MACHINE:X86 Debug\SeqList.obj
         Debug\test.obj
         LINK : 没有找到 D:\VS2010\顺序表\Debug\顺序表.exe 或上一个增量链接没有生成它；正在执行完全链接
         顺序表.vcxproj -> D:\VS2010\顺序表\Debug\顺序表.exe
       Manifest:
         C:\Program Files (x86)\Microsoft SDKs\Windows\v7.0A\bin\mt.exe /nologo /verbose /outputresource:"D:\VS2010\顺序表\Debug\顺序表.exe;#1" /manifest "Debug\顺序表.exe.intermediate.manifest"
       FinalizeBuildStatus:
         正在删除文件“Debug\顺序表.unsuccessfulbuild”。
         正在对“Debug\顺序表.lastbuildstate”执行 Touch 任务。
     1>已完成生成项目“D:\VS2010\顺序表\顺序表\顺序表.vcxproj”(build 个目标)的操作。

生成成功。

已用时间 00:00:00.61
