生成启动时间为 2023/1/10 21:40:10。
     1>项目“D:\VS2010\List\List\List.vcxproj”在节点 2 上(build 个目标)。
     1>InitializeBuildStatus:
         正在创建“Debug\List.unsuccessfulbuild”，因为已指定“AlwaysCreate”。
       ClCompile:
         d:\VS2010\VC\bin\CL.exe /c /ZI /nologo /W3 /WX- /Od /Oy- /D _MBCS /Gm /EHsc /RTC1 /MDd /GS /fp:precise /Zc:wchar_t /Zc:forScope /Fo"Debug\\" /Fd"Debug\vc100.pdb" /Gd /TC /analyze- /errorReport:prompt test.c
         test.c
       Link:
         d:\VS2010\VC\bin\link.exe /ERRORREPORT:PROMPT /OUT:"D:\VS2010\List\Debug\List.exe" /NOLOGO kernel32.lib user32.lib gdi32.lib winspool.lib comdlg32.lib advapi32.lib shell32.lib ole32.lib oleaut32.lib uuid.lib odbc32.lib odbccp32.lib /MANIFEST /ManifestFile:"Debug\List.exe.intermediate.manifest" /MANIFESTUAC:"level='asInvoker' uiAccess='false'" /DEBUG /PDB:"D:\VS2010\List\Debug\List.pdb" /SUBSYSTEM:CONSOLE /TLBID:1 /DYNAMICBASE /NXCOMPAT /IMPLIB:"D:\VS2010\List\Debug\List.lib" /MACHINE:X86 Debug\SList.obj
         Debug\test.obj
         LINK : 没有找到 D:\VS2010\List\Debug\List.exe 或上一个增量链接没有生成它；正在执行完全链接
         List.vcxproj -> D:\VS2010\List\Debug\List.exe
       Manifest:
         C:\Program Files (x86)\Microsoft SDKs\Windows\v7.0A\bin\mt.exe /nologo /verbose /outputresource:"D:\VS2010\List\Debug\List.exe;#1" /manifest Debug\List.exe.intermediate.manifest
       FinalizeBuildStatus:
         正在删除文件“Debug\List.unsuccessfulbuild”。
         正在对“Debug\List.lastbuildstate”执行 Touch 任务。
     1>已完成生成项目“D:\VS2010\List\List\List.vcxproj”(build 个目标)的操作。

生成成功。

已用时间 00:00:00.76
