生成启动时间为 2022/12/16 17:04:29。
     1>项目“D:\VS2010\通讯录\通讯录\通讯录.vcxproj”在节点 2 上(build 个目标)。
     1>PrepareForBuild:
         正在创建目录“D:\VS2010\通讯录\Release\”。
       InitializeBuildStatus:
         正在创建“Release\通讯录.unsuccessfulbuild”，因为已指定“AlwaysCreate”。
       ClCompile:
         d:\VS2010\VC\bin\CL.exe /c /Zi /nologo /W3 /WX- /O2 /Oi /Oy- /GL /D _UNICODE /D UNICODE /Gm- /EHsc /MD /GS /Gy /fp:precise /Zc:wchar_t /Zc:forScope /Fo"Release\\" /Fd"Release\vc100.pdb" /Gd /TC /analyze- /errorReport:prompt contact.c test.c
         contact.c
     1>contact.c(16): warning C4996: 'scanf': This function or variable may be unsafe. Consider using scanf_s instead. To disable deprecation, use _CRT_SECURE_NO_WARNINGS. See online help for details.
                 d:\VS2010\VC\include\stdio.h(304) : 参见“scanf”的声明
     1>contact.c(18): warning C4996: 'scanf': This function or variable may be unsafe. Consider using scanf_s instead. To disable deprecation, use _CRT_SECURE_NO_WARNINGS. See online help for details.
                 d:\VS2010\VC\include\stdio.h(304) : 参见“scanf”的声明
     1>contact.c(20): warning C4996: 'scanf': This function or variable may be unsafe. Consider using scanf_s instead. To disable deprecation, use _CRT_SECURE_NO_WARNINGS. See online help for details.
                 d:\VS2010\VC\include\stdio.h(304) : 参见“scanf”的声明
     1>contact.c(22): warning C4996: 'scanf': This function or variable may be unsafe. Consider using scanf_s instead. To disable deprecation, use _CRT_SECURE_NO_WARNINGS. See online help for details.
                 d:\VS2010\VC\include\stdio.h(304) : 参见“scanf”的声明
     1>contact.c(24): warning C4996: 'scanf': This function or variable may be unsafe. Consider using scanf_s instead. To disable deprecation, use _CRT_SECURE_NO_WARNINGS. See online help for details.
                 d:\VS2010\VC\include\stdio.h(304) : 参见“scanf”的声明
     1>contact.c(27): error C2143: 语法错误 : 缺少“)”(在“*”的前面)
     1>contact.c(27): error C2143: 语法错误 : 缺少“{”(在“*”的前面)
     1>contact.c(27): error C2059: 语法错误:“)”
     1>contact.c(28): error C2054: 在“ps”之后应输入“(”
         test.c
     1>test.c(20): warning C4996: 'scanf': This function or variable may be unsafe. Consider using scanf_s instead. To disable deprecation, use _CRT_SECURE_NO_WARNINGS. See online help for details.
                 d:\VS2010\VC\include\stdio.h(304) : 参见“scanf”的声明
     1>已完成生成项目“D:\VS2010\通讯录\通讯录\通讯录.vcxproj”(build 个目标)的操作 - 失败。

生成失败。

已用时间 00:00:00.37
